TN:
SF:index.js
FN:37,convertToRoman
FNF:1
FNH:1
FNDA:1,convertToRoman
DA:1,1
DA:2,1
DA:3,1
DA:4,1
DA:5,1
DA:6,1
DA:7,1
DA:8,1
DA:9,1
DA:10,1
DA:11,1
DA:12,1
DA:13,1
DA:14,1
DA:15,1
DA:16,4
DA:17,4
DA:18,4
DA:19,4
DA:20,3
DA:21,3
DA:22,3
DA:23,1
DA:24,1
DA:25,1
DA:26,1
DA:27,1
DA:28,1
DA:29,1
DA:30,1
DA:31,1
DA:32,1
DA:33,1
DA:34,1
DA:35,1
DA:36,1
DA:37,1
DA:38,1
DA:39,0
DA:40,0
DA:41,1
DA:42,1
DA:43,1
DA:44,1
DA:45,1
DA:46,1
DA:47,1
DA:48,1
DA:49,1
DA:50,1
DA:51,1
DA:52,1
DA:53,1
DA:54,1
DA:55,1
DA:56,1
DA:57,1
DA:58,1
DA:59,13
DA:60,3
DA:61,3
DA:62,3
DA:63,13
DA:64,1
DA:65,1
DA:66,1
DA:67,1
DA:68,0
DA:69,0
DA:70,0
DA:71,0
DA:72,0
DA:73,0
DA:74,1
LF:74
LH:66
BRDA:68,0,0,0
BRDA:15,1,0,4
BRDA:19,2,0,2
BRDA:19,3,0,2
BRDA:19,4,0,3
BRDA:22,5,0,1
BRDA:37,6,0,1
BRDA:38,7,0,0
BRDA:58,8,0,13
BRDA:59,9,0,3
BRF:10
BRH:8
end_of_record
TN:
SF:romanConverter.js
FN:1,convertToRoman
FNF:1
FNH:1
FNDA:6,convertToRoman
DA:1,6
DA:2,6
DA:3,6
DA:4,6
DA:5,6
DA:6,6
DA:7,6
DA:8,6
DA:9,6
DA:10,6
DA:11,6
DA:12,6
DA:13,6
DA:14,6
DA:15,6
DA:16,6
DA:17,6
DA:18,6
DA:19,78
DA:20,18
DA:21,18
DA:22,18
DA:23,78
DA:24,6
DA:25,6
DA:26,1
DA:27,1
LF:27
LH:27
BRDA:1,0,0,6
BRDA:18,1,0,78
BRDA:19,2,0,18
BRF:3
BRH:3
end_of_record
